<?xml version="1.0" encoding="UTF-8"?>
<!-- Generated by org.testng.reporters.JUnitXMLReporter -->
<testsuite hostname="Admin-PC" ignored="0" name="Default test" tests="4" failures="0" timestamp="17 May 2020 05:39:43 GMT" time="80.654" errors="0">
  <testcase name="deleteFromCartProduct" time="10.766" classname="test.deleteFromCart"/>
  <testcase name="addCellPhoneToCart" time="12.292" classname="test.addProductsToCart"/>
  <testcase name="addUsedPhone" time="10.717" classname="test.addProductsToCart"/>
  <testcase name="verifytheadditionofcost" time="8.11" classname="test.addProductsToCart"/>
</testsuite> <!-- Default test -->
