<?xml version="1.0" encoding="UTF-8"?>
<!-- Generated by org.testng.reporters.JUnitXMLReporter -->
<testsuite hostname="Admin-PC" ignored="0" name="Regression" tests="5" failures="0" timestamp="19 May 2020 05:42:33 GMT" time="105.027" errors="0">
  <testcase name="deleteFromCartProduct" time="11.754" classname="test.deleteFromCart"/>
  <testcase name="addCellPhoneToCart" time="10.454" classname="test.addProductsToCart"/>
  <testcase name="addUsedPhone" time="10.154" classname="test.addProductsToCart"/>
  <testcase name="verifytheadditionofcost" time="8.645" classname="test.addProductsToCart"/>
  <testcase name="verifytheoderplacemessage" time="15.557" classname="test.addProductsToCart"/>
</testsuite> <!-- Regression -->
