<?xml version="1.0" encoding="UTF-8"?>
<testng-results skipped="0" failed="0" ignored="0" total="5" passed="5">
  <reporter-output>
  </reporter-output>
  <suite name="Demo Web Shop Regression Suite" duration-ms="105027" started-at="2020-05-19T05:40:48Z" finished-at="2020-05-19T05:42:33Z">
    <groups>
    </groups>
    <test name="Regression" duration-ms="105027" started-at="2020-05-19T05:40:48Z" finished-at="2020-05-19T05:42:33Z">
      <class name="test.deleteFromCart">
        <test-method status="PASS" signature="checkurl()[pri:0, instance:test.deleteFromCart@ae45eb6]" name="checkurl" is-config="true" duration-ms="10054" started-at="2020-05-19T11:10:48Z" finished-at="2020-05-19T11:10:58Z">
          <reporter-output>
          </reporter-output>
        </test-method> <!-- checkurl -->
        <test-method status="PASS" signature="deleteFromCartProduct()[pri:0, instance:test.deleteFromCart@ae45eb6]" name="deleteFromCartProduct" duration-ms="11754" started-at="2020-05-19T11:10:58Z" finished-at="2020-05-19T11:11:09Z">
          <reporter-output>
          </reporter-output>
        </test-method> <!-- deleteFromCartProduct -->
        <test-method status="PASS" signature="teardown()[pri:0, instance:test.deleteFromCart@ae45eb6]" name="teardown" is-config="true" duration-ms="1316" started-at="2020-05-19T11:11:09Z" finished-at="2020-05-19T11:11:11Z">
          <reporter-output>
          </reporter-output>
        </test-method> <!-- teardown -->
      </class> <!-- test.deleteFromCart -->
      <class name="test.addProductsToCart">
        <test-method status="PASS" signature="checkurl()[pri:0, instance:test.addProductsToCart@68c4039c]" name="checkurl" is-config="true" duration-ms="8251" started-at="2020-05-19T11:11:11Z" finished-at="2020-05-19T11:11:19Z">
          <reporter-output>
          </reporter-output>
        </test-method> <!-- checkurl -->
        <test-method status="PASS" signature="addCellPhoneToCart()[pri:1, instance:test.addProductsToCart@68c4039c]" name="addCellPhoneToCart" duration-ms="10454" started-at="2020-05-19T11:11:19Z" finished-at="2020-05-19T11:11:29Z">
          <reporter-output>
          </reporter-output>
        </test-method> <!-- addCellPhoneToCart -->
        <test-method status="PASS" signature="teardown()[pri:0, instance:test.addProductsToCart@68c4039c]" name="teardown" is-config="true" duration-ms="865" started-at="2020-05-19T11:11:29Z" finished-at="2020-05-19T11:11:30Z">
          <reporter-output>
          </reporter-output>
        </test-method> <!-- teardown -->
        <test-method status="PASS" signature="checkurl()[pri:0, instance:test.addProductsToCart@68c4039c]" name="checkurl" is-config="true" duration-ms="8497" started-at="2020-05-19T11:11:30Z" finished-at="2020-05-19T11:11:39Z">
          <reporter-output>
          </reporter-output>
        </test-method> <!-- checkurl -->
        <test-method status="PASS" signature="addUsedPhone()[pri:2, instance:test.addProductsToCart@68c4039c]" name="addUsedPhone" duration-ms="10154" started-at="2020-05-19T11:11:39Z" finished-at="2020-05-19T11:11:49Z">
          <reporter-output>
          </reporter-output>
        </test-method> <!-- addUsedPhone -->
        <test-method status="PASS" signature="teardown()[pri:0, instance:test.addProductsToCart@68c4039c]" name="teardown" is-config="true" duration-ms="895" started-at="2020-05-19T11:11:49Z" finished-at="2020-05-19T11:11:50Z">
          <reporter-output>
          </reporter-output>
        </test-method> <!-- teardown -->
        <test-method status="PASS" signature="checkurl()[pri:0, instance:test.addProductsToCart@68c4039c]" name="checkurl" is-config="true" duration-ms="8473" started-at="2020-05-19T11:11:50Z" finished-at="2020-05-19T11:11:58Z">
          <reporter-output>
          </reporter-output>
        </test-method> <!-- checkurl -->
        <test-method status="PASS" signature="verifytheadditionofcost()[pri:3, instance:test.addProductsToCart@68c4039c]" name="verifytheadditionofcost" duration-ms="8645" started-at="2020-05-19T11:11:58Z" finished-at="2020-05-19T11:12:07Z">
          <reporter-output>
          </reporter-output>
        </test-method> <!-- verifytheadditionofcost -->
        <test-method status="PASS" signature="teardown()[pri:0, instance:test.addProductsToCart@68c4039c]" name="teardown" is-config="true" duration-ms="891" started-at="2020-05-19T11:12:07Z" finished-at="2020-05-19T11:12:08Z">
          <reporter-output>
          </reporter-output>
        </test-method> <!-- teardown -->
        <test-method status="PASS" signature="checkurl()[pri:0, instance:test.addProductsToCart@68c4039c]" name="checkurl" is-config="true" duration-ms="8208" started-at="2020-05-19T11:12:08Z" finished-at="2020-05-19T11:12:16Z">
          <reporter-output>
          </reporter-output>
        </test-method> <!-- checkurl -->
        <test-method status="PASS" signature="verifytheoderplacemessage()[pri:4, instance:test.addProductsToCart@68c4039c]" name="verifytheoderplacemessage" duration-ms="15557" started-at="2020-05-19T11:12:16Z" finished-at="2020-05-19T11:12:32Z">
          <reporter-output>
          </reporter-output>
        </test-method> <!-- verifytheoderplacemessage -->
        <test-method status="PASS" signature="teardown()[pri:0, instance:test.addProductsToCart@68c4039c]" name="teardown" is-config="true" duration-ms="966" started-at="2020-05-19T11:12:32Z" finished-at="2020-05-19T11:12:33Z">
          <reporter-output>
          </reporter-output>
        </test-method> <!-- teardown -->
      </class> <!-- test.addProductsToCart -->
    </test> <!-- Regression -->
  </suite> <!-- Demo Web Shop Regression Suite -->
</testng-results>
